<?xml version="1.0" encoding="UTF-8"?>
<testsuite name="com.scotiabankcolpatria.hiring.CreditRiskAssessmentTest" tests="9" skipped="0" failures="0" errors="0" timestamp="2022-11-10T03:31:14" hostname="DESKTOP-VAUJGIF" time="0.063">
  <properties/>
  <testcase name="latePaymentProbabilityByPeriodTest1()" classname="com.scotiabankcolpatria.hiring.CreditRiskAssessmentTest" time="0.042"/>
  <testcase name="latePaymentProbabilityByPeriodTest2()" classname="com.scotiabankcolpatria.hiring.CreditRiskAssessmentTest" time="0.001"/>
  <testcase name="standardDeviationTest2()" classname="com.scotiabankcolpatria.hiring.CreditRiskAssessmentTest" time="0.005"/>
  <testcase name="standardDeviationTest()" classname="com.scotiabankcolpatria.hiring.CreditRiskAssessmentTest" time="0.002"/>
  <testcase name="maxPeakTest1()" classname="com.scotiabankcolpatria.hiring.CreditRiskAssessmentTest" time="0.001"/>
  <testcase name="maxPeakTest2()" classname="com.scotiabankcolpatria.hiring.CreditRiskAssessmentTest" time="0.001"/>
  <testcase name="maxPeakTest3()" classname="com.scotiabankcolpatria.hiring.CreditRiskAssessmentTest" time="0.002"/>
  <testcase name="maxPeakTest4()" classname="com.scotiabankcolpatria.hiring.CreditRiskAssessmentTest" time="0.001"/>
  <testcase name="maxPeakTest5()" classname="com.scotiabankcolpatria.hiring.CreditRiskAssessmentTest" time="0.001"/>
  <system-out><![CDATA[La probabilidad es: 2.5
La probabilidad es: 2.5
Elements are:
-5
1
8
7
2
Standard Deviation = 4,673329Elements are:
0
1
3
1
0
5
0
3
2
3
Standard Deviation = 1,600000El mayor es: 10 y se encuentra en el Ã­ndice 5
El mayor es: 10 y se encuentra en el Ã­ndice 5
El mayor es: 2 y se encuentra en el Ã­ndice 3
El mayor es: 4 y se encuentra en el Ã­ndice 3
El mayor es: 18 y se encuentra en el Ã­ndice 1
]]></system-out>
  <system-err><![CDATA[]]></system-err>
</testsuite>
